mode: set
connect-go-example/internal/biz/check.go:22.52,26.2 1 1
connect-go-example/internal/biz/check.go:28.97,30.16 2 1
connect-go-example/internal/biz/check.go:30.16,32.3 1 1
connect-go-example/internal/biz/check.go:33.2,36.8 1 1
connect-go-example/internal/biz/user.go:41.90,46.2 1 1
connect-go-example/internal/biz/user.go:48.96,50.16 2 1
connect-go-example/internal/biz/user.go:50.16,52.3 1 1
connect-go-example/internal/biz/user.go:54.2,57.8 1 1
connect-go-example/internal/pkg/log/log.go:14.53,16.53 2 0
connect-go-example/internal/pkg/log/log.go:16.53,20.5 1 0
connect-go-example/internal/pkg/log/log.go:21.4,21.29 1 0
connect-go-example/internal/pkg/log/log.go:27.53,28.22 1 1
connect-go-example/internal/pkg/log/log.go:28.22,30.3 1 1
connect-go-example/internal/pkg/log/log.go:31.2,31.28 1 1
connect-go-example/internal/data/models/db.go:20.28,22.2 1 1
connect-go-example/internal/data/models/db.go:28.46,32.2 1 0
connect-go-example/internal/data/models/query.sql.go:29.87,41.2 4 0
connect-go-example/internal/data/models/query.sql.go:61.97,71.2 4 1
connect-go-example/internal/data/models/query.sql.go:84.69,96.2 4 1
connect-go-example/internal/data/check.go:23.17,29.2 1 1
connect-go-example/internal/data/check.go:31.99,33.16 2 0
connect-go-example/internal/data/check.go:33.16,40.3 1 0
connect-go-example/internal/data/check.go:41.2,41.46 1 0
connect-go-example/internal/data/check.go:41.46,49.3 1 0
connect-go-example/internal/data/check.go:50.2,53.8 1 0
connect-go-example/internal/data/data.go:38.82,44.2 1 1
connect-go-example/internal/data/data.go:47.93,61.16 4 0
connect-go-example/internal/data/data.go:61.16,63.3 1 0
connect-go-example/internal/data/data.go:66.2,70.16 3 0
connect-go-example/internal/data/data.go:70.16,72.3 1 0
connect-go-example/internal/data/data.go:75.2,75.50 1 0
connect-go-example/internal/data/data.go:75.50,77.3 1 0
connect-go-example/internal/data/data.go:80.2,80.56 1 0
connect-go-example/internal/data/data.go:80.56,82.3 1 0
connect-go-example/internal/data/data.go:84.2,88.43 2 0
connect-go-example/internal/data/data.go:88.43,92.4 3 0
connect-go-example/internal/data/data.go:95.2,95.18 1 0
connect-go-example/internal/data/data.go:99.96,118.44 5 0
connect-go-example/internal/data/data.go:118.44,121.17 2 0
connect-go-example/internal/data/data.go:121.17,123.4 1 0
connect-go-example/internal/data/data.go:124.3,124.55 1 0
connect-go-example/internal/data/data.go:127.2,131.43 2 0
connect-go-example/internal/data/data.go:131.43,134.4 2 0
connect-go-example/internal/data/data.go:137.2,137.17 1 0
connect-go-example/internal/data/data.go:140.92,153.2 3 0
connect-go-example/internal/data/data.go:156.55,157.39 1 0
connect-go-example/internal/data/data.go:157.39,159.3 1 0
connect-go-example/internal/data/data.go:161.2,161.46 1 0
connect-go-example/internal/data/data.go:161.46,163.3 1 0
connect-go-example/internal/data/data.go:165.2,165.12 1 0
connect-go-example/internal/data/user.go:23.63,30.2 1 1
connect-go-example/internal/data/user.go:32.98,33.19 1 1
connect-go-example/internal/data/user.go:33.19,35.3 1 1
connect-go-example/internal/data/user.go:36.2,37.16 2 0
connect-go-example/internal/data/user.go:37.16,39.3 1 0
connect-go-example/internal/data/user.go:40.2,43.8 1 0
connect-go-example/internal/pkg/config/config.go:20.38,25.20 3 0
connect-go-example/internal/pkg/config/config.go:25.20,28.6 2 0
connect-go-example/internal/pkg/config/config.go:30.5,30.20 1 0
connect-go-example/internal/pkg/config/config.go:37.48,45.41 5 1
connect-go-example/internal/pkg/config/config.go:45.41,49.3 2 1
connect-go-example/internal/pkg/config/config.go:52.2,59.16 3 0
connect-go-example/internal/pkg/config/config.go:59.16,62.3 2 0
connect-go-example/internal/pkg/config/config.go:64.2,64.42 1 0
connect-go-example/internal/pkg/config/config.go:64.42,67.3 2 0
connect-go-example/internal/pkg/config/config.go:78.2,78.18 1 0
connect-go-example/internal/pkg/config/config.go:82.36,84.2 1 1
connect-go-example/internal/pkg/config/config.go:87.29,89.62 1 1
connect-go-example/internal/pkg/config/config.go:89.62,91.3 1 1
connect-go-example/internal/pkg/config/config.go:96.2,96.28 1 1
connect-go-example/internal/pkg/config/config.go:96.28,98.3 1 0
connect-go-example/internal/pkg/config/config.go:100.2,100.30 1 1
connect-go-example/internal/pkg/config/config.go:104.34,107.50 1 1
connect-go-example/internal/pkg/config/config.go:107.50,109.3 1 0
connect-go-example/internal/pkg/config/config.go:112.2,112.62 1 1
connect-go-example/internal/pkg/config/config.go:112.62,113.81 1 0
connect-go-example/internal/pkg/config/config.go:113.81,115.4 1 0
connect-go-example/internal/pkg/config/config.go:119.2,119.80 1 1
connect-go-example/internal/pkg/config/config.go:119.80,121.3 1 0
connect-go-example/internal/pkg/config/config.go:123.2,123.14 1 1
connect-go-example/internal/pkg/config/config.go:127.38,129.2 1 1
connect-go-example/internal/pkg/config/config.go:132.51,133.17 1 1
connect-go-example/internal/pkg/config/config.go:133.17,135.3 1 1
connect-go-example/internal/pkg/config/config.go:138.2,138.51 1 1
connect-go-example/internal/pkg/config/config.go:138.51,140.3 1 1
connect-go-example/internal/pkg/config/config.go:143.2,143.22 1 1
connect-go-example/internal/pkg/config/config.go:143.22,145.3 1 1
connect-go-example/internal/pkg/config/config.go:148.2,148.22 1 1
connect-go-example/internal/pkg/config/config.go:148.22,150.3 1 0
connect-go-example/internal/pkg/config/config.go:153.2,153.23 1 1
connect-go-example/internal/pkg/config/config.go:153.23,155.3 1 0
connect-go-example/internal/pkg/config/config.go:158.2,158.27 1 1
connect-go-example/internal/pkg/config/config.go:158.27,160.3 1 0
connect-go-example/internal/pkg/config/config.go:162.2,162.12 1 1
connect-go-example/internal/pkg/otel/otel.go:32.85,34.5 1 0
connect-go-example/internal/pkg/otel/otel.go:40.57,41.38 1 0
connect-go-example/internal/pkg/otel/otel.go:41.38,44.3 2 0
connect-go-example/internal/pkg/otel/otel.go:44.8,47.3 2 0
connect-go-example/internal/pkg/otel/otel.go:51.116,55.46 3 0
connect-go-example/internal/pkg/otel/otel.go:55.46,57.36 2 0
connect-go-example/internal/pkg/otel/otel.go:57.36,59.4 1 0
connect-go-example/internal/pkg/otel/otel.go:60.3,61.13 2 0
connect-go-example/internal/pkg/otel/otel.go:64.2,64.33 1 0
connect-go-example/internal/pkg/otel/otel.go:64.33,66.3 1 0
connect-go-example/internal/pkg/otel/otel.go:69.2,72.20 2 0
connect-go-example/internal/pkg/otel/otel.go:72.20,75.42 2 0
connect-go-example/internal/pkg/otel/otel.go:75.42,75.56 1 0
connect-go-example/internal/pkg/otel/otel.go:78.2,82.16 4 0
connect-go-example/internal/pkg/otel/otel.go:82.16,85.3 2 0
connect-go-example/internal/pkg/otel/otel.go:87.2,88.16 2 0
connect-go-example/internal/pkg/otel/otel.go:88.16,91.3 2 0
connect-go-example/internal/pkg/otel/otel.go:92.2,96.16 4 0
connect-go-example/internal/pkg/otel/otel.go:96.16,99.3 2 0
connect-go-example/internal/pkg/otel/otel.go:100.2,104.16 4 0
connect-go-example/internal/pkg/otel/otel.go:104.16,107.3 2 0
connect-go-example/internal/pkg/otel/otel.go:108.2,112.22 4 0
connect-go-example/internal/pkg/otel/otel.go:115.48,121.2 1 0
connect-go-example/internal/pkg/otel/otel.go:123.52,128.2 1 0
connect-go-example/internal/pkg/otel/otel.go:130.79,138.16 3 0
connect-go-example/internal/pkg/otel/otel.go:138.16,140.3 1 0
connect-go-example/internal/pkg/otel/otel.go:142.2,148.28 3 0
connect-go-example/internal/pkg/otel/otel.go:151.78,157.16 2 0
connect-go-example/internal/pkg/otel/otel.go:157.16,159.3 1 0
connect-go-example/internal/pkg/otel/otel.go:161.2,166.27 2 0
connect-go-example/internal/pkg/otel/otel.go:169.77,175.16 2 0
connect-go-example/internal/pkg/otel/otel.go:175.16,177.3 1 0
connect-go-example/internal/pkg/otel/otel.go:179.2,183.28 2 0
connect-go-example/internal/pkg/registry/consul.go:40.114,41.45 1 0
connect-go-example/internal/pkg/registry/consul.go:41.45,44.5 2 0
connect-go-example/internal/pkg/registry/consul.go:46.4,46.97 1 0
connect-go-example/internal/pkg/registry/consul.go:46.97,49.5 2 0
connect-go-example/internal/pkg/registry/consul.go:51.4,56.18 4 0
connect-go-example/internal/pkg/registry/consul.go:56.18,58.5 1 0
connect-go-example/internal/pkg/registry/consul.go:59.4,60.18 2 0
connect-go-example/internal/pkg/registry/consul.go:60.18,62.5 1 0
connect-go-example/internal/pkg/registry/consul.go:65.4,66.18 2 0
connect-go-example/internal/pkg/registry/consul.go:66.18,68.5 1 0
connect-go-example/internal/pkg/registry/consul.go:70.4,73.18 3 0
connect-go-example/internal/pkg/registry/consul.go:73.18,76.5 2 0
connect-go-example/internal/pkg/registry/consul.go:79.4,80.46 1 0
connect-go-example/internal/pkg/registry/consul.go:80.46,81.43 1 0
connect-go-example/internal/pkg/registry/consul.go:81.43,84.7 2 0
connect-go-example/internal/pkg/registry/consul.go:87.6,88.16 2 0
connect-go-example/internal/pkg/registry/consul.go:90.45,91.20 1 0
connect-go-example/internal/pkg/registry/consul.go:91.20,94.46 1 0
connect-go-example/internal/pkg/registry/consul.go:94.46,96.8 1 0
connect-go-example/internal/pkg/registry/consul.go:98.6,98.16 1 0
connect-go-example/internal/pkg/registry/consul.go:101.4,101.19 1 0
connect-go-example/internal/pkg/registry/consul.go:106.168,112.16 3 0
connect-go-example/internal/pkg/registry/consul.go:112.16,114.3 1 0
connect-go-example/internal/pkg/registry/consul.go:116.2,123.8 1 0
connect-go-example/internal/pkg/registry/consul.go:127.43,142.62 2 0
connect-go-example/internal/pkg/registry/consul.go:142.62,145.3 2 0
connect-go-example/internal/pkg/registry/consul.go:147.2,148.12 2 0
connect-go-example/internal/pkg/registry/consul.go:152.62,161.6 5 0
connect-go-example/internal/pkg/registry/consul.go:161.6,162.10 1 0
connect-go-example/internal/pkg/registry/consul.go:163.21,165.10 2 0
connect-go-example/internal/pkg/registry/consul.go:166.19,169.18 2 0
connect-go-example/internal/pkg/registry/consul.go:169.18,173.5 1 0
connect-go-example/internal/pkg/registry/consul.go:178.45,181.2 2 0
connect-go-example/internal/pkg/registry/consul.go:184.38,186.16 2 0
connect-go-example/internal/pkg/registry/consul.go:186.16,188.3 1 0
connect-go-example/internal/pkg/registry/consul.go:189.2,189.28 1 0
connect-go-example/internal/pkg/registry/consul.go:189.28,191.17 2 0
connect-go-example/internal/pkg/registry/consul.go:191.17,193.4 1 0
connect-go-example/internal/pkg/registry/consul.go:196.2,197.35 2 0
connect-go-example/internal/service/check.go:19.79,23.2 1 1
connect-go-example/internal/service/check.go:25.136,27.16 2 1
connect-go-example/internal/service/check.go:27.16,29.3 1 1
connect-go-example/internal/service/check.go:30.2,34.40 2 1
connect-go-example/internal/service/user.go:21.75,25.2 1 1
connect-go-example/internal/service/user.go:27.135,35.16 2 1
connect-go-example/internal/service/user.go:35.16,37.3 1 1
connect-go-example/internal/service/user.go:39.2,44.43 2 1
connect-go-example/internal/server/metrics.go:23.26,32.16 4 1
connect-go-example/internal/server/metrics.go:32.16,34.3 1 0
connect-go-example/internal/server/metrics.go:36.2,41.16 2 1
connect-go-example/internal/server/metrics.go:41.16,43.3 1 0
connect-go-example/internal/server/metrics.go:45.2,50.16 2 1
connect-go-example/internal/server/metrics.go:50.16,52.3 1 0
connect-go-example/internal/server/metrics.go:54.2,54.12 1 1
connect-go-example/internal/server/metrics.go:58.79,60.38 1 1
connect-go-example/internal/server/metrics.go:60.38,62.3 1 0
connect-go-example/internal/server/metrics.go:64.2,64.46 1 1
connect-go-example/internal/server/metrics.go:64.46,65.72 1 1
connect-go-example/internal/server/metrics.go:65.72,106.28 12 1
connect-go-example/internal/server/metrics.go:106.28,117.5 4 1
connect-go-example/internal/server/metrics.go:117.10,126.5 3 1
connect-go-example/internal/server/middleware.go:21.60,23.4 1 1
connect-go-example/internal/server/middleware.go:36.84,37.56 1 1
connect-go-example/internal/server/middleware.go:37.56,38.89 1 1
connect-go-example/internal/server/middleware.go:38.89,73.18 12 1
connect-go-example/internal/server/middleware.go:73.18,83.5 3 1
connect-go-example/internal/server/middleware.go:83.10,90.5 2 1
connect-go-example/internal/server/middleware.go:92.4,92.20 1 1
connect-go-example/internal/server/middleware.go:97.49,98.17 1 1
connect-go-example/internal/server/middleware.go:98.17,102.3 3 1
connect-go-example/internal/server/middleware.go:105.56,106.17 1 1
connect-go-example/internal/server/middleware.go:106.17,109.3 2 0
connect-go-example/internal/server/middleware.go:110.2,110.35 1 1
connect-go-example/internal/server/server.go:37.16,42.16 2 1
connect-go-example/internal/server/server.go:42.16,44.3 1 0
connect-go-example/internal/server/server.go:47.2,81.44 12 1
connect-go-example/internal/server/server.go:81.44,84.4 2 0
connect-go-example/internal/server/server.go:85.43,88.4 2 0
connect-go-example/internal/server/server.go:91.2,91.15 1 1
connect-go-example/internal/server/server.go:95.44,104.2 2 1
connect-go-example/api/check/v1/check.pb.go:30.33,35.2 4 0
connect-go-example/api/check/v1/check.pb.go:37.41,39.2 1 0
connect-go-example/api/check/v1/check.pb.go:41.39,41.40 0 0
connect-go-example/api/check/v1/check.pb.go:43.61,45.14 2 0
connect-go-example/api/check/v1/check.pb.go:45.14,47.34 2 0
connect-go-example/api/check/v1/check.pb.go:47.34,49.4 1 0
connect-go-example/api/check/v1/check.pb.go:50.3,50.12 1 0
connect-go-example/api/check/v1/check.pb.go:52.2,52.24 1 0
connect-go-example/api/check/v1/check.pb.go:56.52,58.2 1 0
connect-go-example/api/check/v1/check.pb.go:68.35,73.2 4 0
connect-go-example/api/check/v1/check.pb.go:75.43,77.2 1 0
connect-go-example/api/check/v1/check.pb.go:79.41,79.42 0 0
connect-go-example/api/check/v1/check.pb.go:81.63,83.14 2 0
connect-go-example/api/check/v1/check.pb.go:83.14,85.34 2 0
connect-go-example/api/check/v1/check.pb.go:85.34,87.4 1 0
connect-go-example/api/check/v1/check.pb.go:88.3,88.12 1 0
connect-go-example/api/check/v1/check.pb.go:90.2,90.24 1 0
connect-go-example/api/check/v1/check.pb.go:94.54,96.2 1 0
connect-go-example/api/check/v1/check.pb.go:98.46,99.14 1 0
connect-go-example/api/check/v1/check.pb.go:99.14,101.3 1 0
connect-go-example/api/check/v1/check.pb.go:102.2,102.11 1 0
connect-go-example/api/check/v1/check.pb.go:105.58,106.14 1 0
connect-go-example/api/check/v1/check.pb.go:106.14,108.3 1 0
connect-go-example/api/check/v1/check.pb.go:109.2,109.12 1 0
connect-go-example/api/check/v1/check.pb.go:134.57,135.54 1 0
connect-go-example/api/check/v1/check.pb.go:135.54,137.3 1 0
connect-go-example/api/check/v1/check.pb.go:138.2,138.50 1 0
connect-go-example/api/check/v1/check.pb.go:158.13,158.53 1 0
connect-go-example/api/check/v1/check.pb.go:159.43,160.42 1 0
connect-go-example/api/check/v1/check.pb.go:160.42,162.3 1 0
connect-go-example/api/check/v1/check.pb.go:163.2,179.45 5 0
connect-go-example/api/user/v1/userv1connect/user.connect.go:52.122,63.2 3 0
connect-go-example/api/user/v1/userv1connect/user.connect.go:71.143,73.2 1 0
connect-go-example/api/user/v1/userv1connect/user.connect.go:85.106,93.96 3 0
connect-go-example/api/user/v1/userv1connect/user.connect.go:93.96,94.21 1 0
connect-go-example/api/user/v1/userv1connect/user.connect.go:95.35,96.44 1 0
connect-go-example/api/user/v1/userv1connect/user.connect.go:97.11,98.23 1 0
connect-go-example/api/user/v1/userv1connect/user.connect.go:106.146,108.2 1 0
connect-go-example/api/user/v1/user.pb.go:32.33,37.2 4 0
connect-go-example/api/user/v1/user.pb.go:39.41,41.2 1 0
connect-go-example/api/user/v1/user.pb.go:43.39,43.40 0 0
connect-go-example/api/user/v1/user.pb.go:45.61,47.14 2 0
connect-go-example/api/user/v1/user.pb.go:47.14,49.34 2 0
connect-go-example/api/user/v1/user.pb.go:49.34,51.4 1 0
connect-go-example/api/user/v1/user.pb.go:52.3,52.12 1 0
connect-go-example/api/user/v1/user.pb.go:54.2,54.24 1 0
connect-go-example/api/user/v1/user.pb.go:58.52,60.2 1 0
connect-go-example/api/user/v1/user.pb.go:62.42,63.14 1 0
connect-go-example/api/user/v1/user.pb.go:63.14,65.3 1 0
connect-go-example/api/user/v1/user.pb.go:66.2,66.11 1 0
connect-go-example/api/user/v1/user.pb.go:69.43,70.14 1 0
connect-go-example/api/user/v1/user.pb.go:70.14,72.3 1 0
connect-go-example/api/user/v1/user.pb.go:73.2,73.11 1 0
connect-go-example/api/user/v1/user.pb.go:84.34,89.2 4 0
connect-go-example/api/user/v1/user.pb.go:91.42,93.2 1 0
connect-go-example/api/user/v1/user.pb.go:95.40,95.41 0 0
connect-go-example/api/user/v1/user.pb.go:97.62,99.14 2 0
connect-go-example/api/user/v1/user.pb.go:99.14,101.34 2 0
connect-go-example/api/user/v1/user.pb.go:101.34,103.4 1 0
connect-go-example/api/user/v1/user.pb.go:104.3,104.12 1 0
connect-go-example/api/user/v1/user.pb.go:106.2,106.24 1 0
connect-go-example/api/user/v1/user.pb.go:110.53,112.2 1 0
connect-go-example/api/user/v1/user.pb.go:114.44,115.14 1 0
connect-go-example/api/user/v1/user.pb.go:115.14,117.3 1 0
connect-go-example/api/user/v1/user.pb.go:118.2,118.11 1 0
connect-go-example/api/user/v1/user.pb.go:121.43,122.14 1 0
connect-go-example/api/user/v1/user.pb.go:122.14,124.3 1 0
connect-go-example/api/user/v1/user.pb.go:125.2,125.11 1 0
connect-go-example/api/user/v1/user.pb.go:148.55,149.52 1 0
connect-go-example/api/user/v1/user.pb.go:149.52,151.3 1 0
connect-go-example/api/user/v1/user.pb.go:152.2,152.48 1 0
connect-go-example/api/user/v1/user.pb.go:170.13,170.51 1 0
connect-go-example/api/user/v1/user.pb.go:171.41,172.40 1 0
connect-go-example/api/user/v1/user.pb.go:172.40,174.3 1 0
connect-go-example/api/user/v1/user.pb.go:175.2,191.43 5 0
connect-go-example/api/check/v1/checkv1connect/check.connect.go:52.124,63.2 3 0
connect-go-example/api/check/v1/checkv1connect/check.connect.go:71.144,73.2 1 0
connect-go-example/api/check/v1/checkv1connect/check.connect.go:85.108,93.98 3 0
connect-go-example/api/check/v1/checkv1connect/check.connect.go:93.98,94.21 1 0
connect-go-example/api/check/v1/checkv1connect/check.connect.go:95.35,96.44 1 0
connect-go-example/api/check/v1/checkv1connect/check.connect.go:97.11,98.23 1 0
connect-go-example/api/check/v1/checkv1connect/check.connect.go:106.147,108.2 1 0
connect-go-example/cmd/server/main.go:27.13,33.58 3 0
connect-go-example/cmd/server/main.go:33.58,36.3 2 0
connect-go-example/cmd/server/main.go:39.2,42.57 2 0
connect-go-example/cmd/server/main.go:42.57,45.3 2 0
connect-go-example/cmd/server/main.go:49.23,69.39 1 0
connect-go-example/cmd/server/main.go:69.39,71.5 1 0
connect-go-example/cmd/server/main.go:74.38,74.39 0 0
connect-go-example/cmd/server/main.go:77.88,80.19 2 0
connect-go-example/cmd/server/main.go:80.19,82.6 1 0
connect-go-example/cmd/server/main.go:84.5,86.47 1 0
connect-go-example/cmd/server/main.go:86.47,88.17 2 0
connect-go-example/cmd/server/main.go:88.17,89.92 1 0
connect-go-example/cmd/server/main.go:89.92,91.9 1 0
connect-go-example/cmd/server/main.go:93.7,93.17 1 0
connect-go-example/cmd/server/main.go:96.46,99.47 2 0
connect-go-example/cmd/server/main.go:99.47,101.8 1 0
connect-go-example/cmd/server/main.go:103.7,103.30 1 0
connect-go-example/cmd/server/main.go:103.30,104.48 1 0
connect-go-example/cmd/server/main.go:104.48,106.9 1 0
connect-go-example/cmd/server/main.go:108.7,108.17 1 0
connect-go-example/internal/conf/v1/conf.pb.go:35.29,40.2 4 0
connect-go-example/internal/conf/v1/conf.pb.go:42.37,44.2 1 0
connect-go-example/internal/conf/v1/conf.pb.go:46.35,46.36 0 0
connect-go-example/internal/conf/v1/conf.pb.go:48.57,50.14 2 0
connect-go-example/internal/conf/v1/conf.pb.go:50.14,52.34 2 0
connect-go-example/internal/conf/v1/conf.pb.go:52.34,54.4 1 0
connect-go-example/internal/conf/v1/conf.pb.go:55.3,55.12 1 0
connect-go-example/internal/conf/v1/conf.pb.go:57.2,57.24 1 0
connect-go-example/internal/conf/v1/conf.pb.go:61.48,63.2 1 0
connect-go-example/internal/conf/v1/conf.pb.go:65.41,66.14 1 0
connect-go-example/internal/conf/v1/conf.pb.go:66.14,68.3 1 0
connect-go-example/internal/conf/v1/conf.pb.go:69.2,69.12 1 0
connect-go-example/internal/conf/v1/conf.pb.go:72.37,73.14 1 0
connect-go-example/internal/conf/v1/conf.pb.go:73.14,75.3 1 0
connect-go-example/internal/conf/v1/conf.pb.go:76.2,76.12 1 0
connect-go-example/internal/conf/v1/conf.pb.go:79.37,80.14 1 0
connect-go-example/internal/conf/v1/conf.pb.go:80.14,82.3 1 0
connect-go-example/internal/conf/v1/conf.pb.go:83.2,83.12 1 0
connect-go-example/internal/conf/v1/conf.pb.go:86.39,87.14 1 0
connect-go-example/internal/conf/v1/conf.pb.go:87.14,89.3 1 0
connect-go-example/internal/conf/v1/conf.pb.go:90.2,90.12 1 0
connect-go-example/internal/conf/v1/conf.pb.go:93.47,94.14 1 0
connect-go-example/internal/conf/v1/conf.pb.go:94.14,96.3 1 0
connect-go-example/internal/conf/v1/conf.pb.go:97.2,97.12 1 0
connect-go-example/internal/conf/v1/conf.pb.go:107.26,112.2 4 0
connect-go-example/internal/conf/v1/conf.pb.go:114.34,116.2 1 0
connect-go-example/internal/conf/v1/conf.pb.go:118.32,118.33 0 0
connect-go-example/internal/conf/v1/conf.pb.go:120.54,122.14 2 0
connect-go-example/internal/conf/v1/conf.pb.go:122.14,124.34 2 0
connect-go-example/internal/conf/v1/conf.pb.go:124.34,126.4 1 0
connect-go-example/internal/conf/v1/conf.pb.go:127.3,127.12 1 0
connect-go-example/internal/conf/v1/conf.pb.go:129.2,129.24 1 0
connect-go-example/internal/conf/v1/conf.pb.go:133.45,135.2 1 0
connect-go-example/internal/conf/v1/conf.pb.go:137.41,138.14 1 0
connect-go-example/internal/conf/v1/conf.pb.go:138.14,140.3 1 0
connect-go-example/internal/conf/v1/conf.pb.go:141.2,141.12 1 0
connect-go-example/internal/conf/v1/conf.pb.go:152.24,157.2 4 0
connect-go-example/internal/conf/v1/conf.pb.go:159.32,161.2 1 0
connect-go-example/internal/conf/v1/conf.pb.go:163.30,163.31 0 0
connect-go-example/internal/conf/v1/conf.pb.go:165.52,167.14 2 0
connect-go-example/internal/conf/v1/conf.pb.go:167.14,169.34 2 0
connect-go-example/internal/conf/v1/conf.pb.go:169.34,171.4 1 0
connect-go-example/internal/conf/v1/conf.pb.go:172.3,172.12 1 0
connect-go-example/internal/conf/v1/conf.pb.go:174.2,174.24 1 0
connect-go-example/internal/conf/v1/conf.pb.go:178.43,180.2 1 0
connect-go-example/internal/conf/v1/conf.pb.go:182.45,183.14 1 0
connect-go-example/internal/conf/v1/conf.pb.go:183.14,185.3 1 0
connect-go-example/internal/conf/v1/conf.pb.go:186.2,186.12 1 0
connect-go-example/internal/conf/v1/conf.pb.go:189.39,190.14 1 0
connect-go-example/internal/conf/v1/conf.pb.go:190.14,192.3 1 0
connect-go-example/internal/conf/v1/conf.pb.go:193.2,193.12 1 0
connect-go-example/internal/conf/v1/conf.pb.go:208.24,213.2 4 0
connect-go-example/internal/conf/v1/conf.pb.go:215.32,217.2 1 0
connect-go-example/internal/conf/v1/conf.pb.go:219.30,219.31 0 0
connect-go-example/internal/conf/v1/conf.pb.go:221.52,223.14 2 0
connect-go-example/internal/conf/v1/conf.pb.go:223.14,225.34 2 0
connect-go-example/internal/conf/v1/conf.pb.go:225.34,227.4 1 0
connect-go-example/internal/conf/v1/conf.pb.go:228.3,228.12 1 0
connect-go-example/internal/conf/v1/conf.pb.go:230.2,230.24 1 0
connect-go-example/internal/conf/v1/conf.pb.go:234.43,236.2 1 0
connect-go-example/internal/conf/v1/conf.pb.go:238.37,239.14 1 0
connect-go-example/internal/conf/v1/conf.pb.go:239.14,241.3 1 0
connect-go-example/internal/conf/v1/conf.pb.go:242.2,242.11 1 0
connect-go-example/internal/conf/v1/conf.pb.go:245.37,246.14 1 0
connect-go-example/internal/conf/v1/conf.pb.go:246.14,248.3 1 0
connect-go-example/internal/conf/v1/conf.pb.go:249.2,249.11 1 0
connect-go-example/internal/conf/v1/conf.pb.go:252.41,253.14 1 0
connect-go-example/internal/conf/v1/conf.pb.go:253.14,255.3 1 0
connect-go-example/internal/conf/v1/conf.pb.go:256.2,256.11 1 0
connect-go-example/internal/conf/v1/conf.pb.go:259.45,260.14 1 0
connect-go-example/internal/conf/v1/conf.pb.go:260.14,262.3 1 0
connect-go-example/internal/conf/v1/conf.pb.go:263.2,263.11 1 0
connect-go-example/internal/conf/v1/conf.pb.go:266.44,267.14 1 0
connect-go-example/internal/conf/v1/conf.pb.go:267.14,269.3 1 0
connect-go-example/internal/conf/v1/conf.pb.go:270.2,270.11 1 0
connect-go-example/internal/conf/v1/conf.pb.go:273.40,274.14 1 0
connect-go-example/internal/conf/v1/conf.pb.go:274.14,276.3 1 0
connect-go-example/internal/conf/v1/conf.pb.go:277.2,277.11 1 0
connect-go-example/internal/conf/v1/conf.pb.go:288.25,293.2 4 0
connect-go-example/internal/conf/v1/conf.pb.go:295.33,297.2 1 0
connect-go-example/internal/conf/v1/conf.pb.go:299.31,299.32 0 0
connect-go-example/internal/conf/v1/conf.pb.go:301.53,303.14 2 0
connect-go-example/internal/conf/v1/conf.pb.go:303.14,305.34 2 0
connect-go-example/internal/conf/v1/conf.pb.go:305.34,307.4 1 0
connect-go-example/internal/conf/v1/conf.pb.go:308.3,308.12 1 0
connect-go-example/internal/conf/v1/conf.pb.go:310.2,310.24 1 0
connect-go-example/internal/conf/v1/conf.pb.go:314.44,316.2 1 0
connect-go-example/internal/conf/v1/conf.pb.go:318.38,319.14 1 0
connect-go-example/internal/conf/v1/conf.pb.go:319.14,321.3 1 0
connect-go-example/internal/conf/v1/conf.pb.go:322.2,322.11 1 0
connect-go-example/internal/conf/v1/conf.pb.go:325.36,326.14 1 0
connect-go-example/internal/conf/v1/conf.pb.go:326.14,328.3 1 0
connect-go-example/internal/conf/v1/conf.pb.go:329.2,329.14 1 0
connect-go-example/internal/conf/v1/conf.pb.go:339.29,344.2 4 0
connect-go-example/internal/conf/v1/conf.pb.go:346.37,348.2 1 0
connect-go-example/internal/conf/v1/conf.pb.go:350.35,350.36 0 0
connect-go-example/internal/conf/v1/conf.pb.go:352.57,354.14 2 0
connect-go-example/internal/conf/v1/conf.pb.go:354.14,356.34 2 0
connect-go-example/internal/conf/v1/conf.pb.go:356.34,358.4 1 0
connect-go-example/internal/conf/v1/conf.pb.go:359.3,359.12 1 0
connect-go-example/internal/conf/v1/conf.pb.go:361.2,361.24 1 0
connect-go-example/internal/conf/v1/conf.pb.go:365.48,367.2 1 0
connect-go-example/internal/conf/v1/conf.pb.go:369.51,370.14 1 0
connect-go-example/internal/conf/v1/conf.pb.go:370.14,372.3 1 0
connect-go-example/internal/conf/v1/conf.pb.go:373.2,373.12 1 0
connect-go-example/internal/conf/v1/conf.pb.go:384.31,389.2 4 0
connect-go-example/internal/conf/v1/conf.pb.go:391.39,393.2 1 0
connect-go-example/internal/conf/v1/conf.pb.go:395.37,395.38 0 0
connect-go-example/internal/conf/v1/conf.pb.go:397.59,399.14 2 0
connect-go-example/internal/conf/v1/conf.pb.go:399.14,401.34 2 0
connect-go-example/internal/conf/v1/conf.pb.go:401.34,403.4 1 0
connect-go-example/internal/conf/v1/conf.pb.go:404.3,404.12 1 0
connect-go-example/internal/conf/v1/conf.pb.go:406.2,406.24 1 0
connect-go-example/internal/conf/v1/conf.pb.go:410.50,412.2 1 0
connect-go-example/internal/conf/v1/conf.pb.go:414.40,415.14 1 0
connect-go-example/internal/conf/v1/conf.pb.go:415.14,417.3 1 0
connect-go-example/internal/conf/v1/conf.pb.go:418.2,418.11 1 0
connect-go-example/internal/conf/v1/conf.pb.go:421.42,422.14 1 0
connect-go-example/internal/conf/v1/conf.pb.go:422.14,424.3 1 0
connect-go-example/internal/conf/v1/conf.pb.go:425.2,425.10 1 0
connect-go-example/internal/conf/v1/conf.pb.go:442.33,447.2 4 0
connect-go-example/internal/conf/v1/conf.pb.go:449.41,451.2 1 0
connect-go-example/internal/conf/v1/conf.pb.go:453.39,453.40 0 0
connect-go-example/internal/conf/v1/conf.pb.go:455.61,457.14 2 0
connect-go-example/internal/conf/v1/conf.pb.go:457.14,459.34 2 0
connect-go-example/internal/conf/v1/conf.pb.go:459.34,461.4 1 0
connect-go-example/internal/conf/v1/conf.pb.go:462.3,462.12 1 0
connect-go-example/internal/conf/v1/conf.pb.go:464.2,464.24 1 0
connect-go-example/internal/conf/v1/conf.pb.go:468.52,470.2 1 0
connect-go-example/internal/conf/v1/conf.pb.go:472.42,473.14 1 0
connect-go-example/internal/conf/v1/conf.pb.go:473.14,475.3 1 0
connect-go-example/internal/conf/v1/conf.pb.go:476.2,476.11 1 0
connect-go-example/internal/conf/v1/conf.pb.go:479.41,480.14 1 0
connect-go-example/internal/conf/v1/conf.pb.go:480.14,482.3 1 0
connect-go-example/internal/conf/v1/conf.pb.go:483.2,483.10 1 0
connect-go-example/internal/conf/v1/conf.pb.go:486.42,487.14 1 0
connect-go-example/internal/conf/v1/conf.pb.go:487.14,489.3 1 0
connect-go-example/internal/conf/v1/conf.pb.go:490.2,490.11 1 0
connect-go-example/internal/conf/v1/conf.pb.go:493.46,494.14 1 0
connect-go-example/internal/conf/v1/conf.pb.go:494.14,496.3 1 0
connect-go-example/internal/conf/v1/conf.pb.go:497.2,497.11 1 0
connect-go-example/internal/conf/v1/conf.pb.go:500.44,501.14 1 0
connect-go-example/internal/conf/v1/conf.pb.go:501.14,503.3 1 0
connect-go-example/internal/conf/v1/conf.pb.go:504.2,504.11 1 0
connect-go-example/internal/conf/v1/conf.pb.go:507.45,508.14 1 0
connect-go-example/internal/conf/v1/conf.pb.go:508.14,510.3 1 0
connect-go-example/internal/conf/v1/conf.pb.go:511.2,511.11 1 0
connect-go-example/internal/conf/v1/conf.pb.go:514.46,515.14 1 0
connect-go-example/internal/conf/v1/conf.pb.go:515.14,517.3 1 0
connect-go-example/internal/conf/v1/conf.pb.go:518.2,518.11 1 0
connect-go-example/internal/conf/v1/conf.pb.go:521.54,522.14 1 0
connect-go-example/internal/conf/v1/conf.pb.go:522.14,524.3 1 0
connect-go-example/internal/conf/v1/conf.pb.go:525.2,525.12 1 0
connect-go-example/internal/conf/v1/conf.pb.go:538.37,543.2 4 0
connect-go-example/internal/conf/v1/conf.pb.go:545.45,547.2 1 0
connect-go-example/internal/conf/v1/conf.pb.go:549.43,549.44 0 0
connect-go-example/internal/conf/v1/conf.pb.go:551.65,553.14 2 0
connect-go-example/internal/conf/v1/conf.pb.go:553.14,555.34 2 0
connect-go-example/internal/conf/v1/conf.pb.go:555.34,557.4 1 0
connect-go-example/internal/conf/v1/conf.pb.go:558.3,558.12 1 0
connect-go-example/internal/conf/v1/conf.pb.go:560.2,560.24 1 0
connect-go-example/internal/conf/v1/conf.pb.go:564.56,566.2 1 0
connect-go-example/internal/conf/v1/conf.pb.go:568.49,569.14 1 0
connect-go-example/internal/conf/v1/conf.pb.go:569.14,571.3 1 0
connect-go-example/internal/conf/v1/conf.pb.go:572.2,572.10 1 0
connect-go-example/internal/conf/v1/conf.pb.go:575.49,576.14 1 0
connect-go-example/internal/conf/v1/conf.pb.go:576.14,578.3 1 0
connect-go-example/internal/conf/v1/conf.pb.go:579.2,579.10 1 0
connect-go-example/internal/conf/v1/conf.pb.go:582.56,583.14 1 0
connect-go-example/internal/conf/v1/conf.pb.go:583.14,585.3 1 0
connect-go-example/internal/conf/v1/conf.pb.go:586.2,586.10 1 0
connect-go-example/internal/conf/v1/conf.pb.go:589.56,590.14 1 0
connect-go-example/internal/conf/v1/conf.pb.go:590.14,592.3 1 0
connect-go-example/internal/conf/v1/conf.pb.go:593.2,593.10 1 0
connect-go-example/internal/conf/v1/conf.pb.go:612.30,617.2 4 0
connect-go-example/internal/conf/v1/conf.pb.go:619.38,621.2 1 0
connect-go-example/internal/conf/v1/conf.pb.go:623.36,623.37 0 0
connect-go-example/internal/conf/v1/conf.pb.go:625.58,627.14 2 0
connect-go-example/internal/conf/v1/conf.pb.go:627.14,629.34 2 0
connect-go-example/internal/conf/v1/conf.pb.go:629.34,631.4 1 0
connect-go-example/internal/conf/v1/conf.pb.go:632.3,632.12 1 0
connect-go-example/internal/conf/v1/conf.pb.go:634.2,634.24 1 0
connect-go-example/internal/conf/v1/conf.pb.go:638.49,640.2 1 0
connect-go-example/internal/conf/v1/conf.pb.go:642.39,643.14 1 0
connect-go-example/internal/conf/v1/conf.pb.go:643.14,645.3 1 0
connect-go-example/internal/conf/v1/conf.pb.go:646.2,646.11 1 0
connect-go-example/internal/conf/v1/conf.pb.go:649.38,650.14 1 0
connect-go-example/internal/conf/v1/conf.pb.go:650.14,652.3 1 0
connect-go-example/internal/conf/v1/conf.pb.go:653.2,653.10 1 0
connect-go-example/internal/conf/v1/conf.pb.go:656.43,657.14 1 0
connect-go-example/internal/conf/v1/conf.pb.go:657.14,659.3 1 0
connect-go-example/internal/conf/v1/conf.pb.go:660.2,660.11 1 0
connect-go-example/internal/conf/v1/conf.pb.go:663.43,664.14 1 0
connect-go-example/internal/conf/v1/conf.pb.go:664.14,666.3 1 0
connect-go-example/internal/conf/v1/conf.pb.go:667.2,667.11 1 0
connect-go-example/internal/conf/v1/conf.pb.go:670.36,671.14 1 0
connect-go-example/internal/conf/v1/conf.pb.go:671.14,673.3 1 0
connect-go-example/internal/conf/v1/conf.pb.go:674.2,674.10 1 0
connect-go-example/internal/conf/v1/conf.pb.go:677.45,678.14 1 0
connect-go-example/internal/conf/v1/conf.pb.go:678.14,680.3 1 0
connect-go-example/internal/conf/v1/conf.pb.go:681.2,681.10 1 0
connect-go-example/internal/conf/v1/conf.pb.go:684.45,685.14 1 0
connect-go-example/internal/conf/v1/conf.pb.go:685.14,687.3 1 0
connect-go-example/internal/conf/v1/conf.pb.go:688.2,688.10 1 0
connect-go-example/internal/conf/v1/conf.pb.go:691.46,692.14 1 0
connect-go-example/internal/conf/v1/conf.pb.go:692.14,694.3 1 0
connect-go-example/internal/conf/v1/conf.pb.go:695.2,695.10 1 0
connect-go-example/internal/conf/v1/conf.pb.go:698.42,699.14 1 0
connect-go-example/internal/conf/v1/conf.pb.go:699.14,701.3 1 0
connect-go-example/internal/conf/v1/conf.pb.go:702.2,702.10 1 0
connect-go-example/internal/conf/v1/conf.pb.go:705.46,706.14 1 0
connect-go-example/internal/conf/v1/conf.pb.go:706.14,708.3 1 0
connect-go-example/internal/conf/v1/conf.pb.go:709.2,709.10 1 0
connect-go-example/internal/conf/v1/conf.pb.go:721.36,726.2 4 0
connect-go-example/internal/conf/v1/conf.pb.go:728.44,730.2 1 0
connect-go-example/internal/conf/v1/conf.pb.go:732.42,732.43 0 0
connect-go-example/internal/conf/v1/conf.pb.go:734.64,736.14 2 0
connect-go-example/internal/conf/v1/conf.pb.go:736.14,738.34 2 0
connect-go-example/internal/conf/v1/conf.pb.go:738.34,740.4 1 0
connect-go-example/internal/conf/v1/conf.pb.go:741.3,741.12 1 0
connect-go-example/internal/conf/v1/conf.pb.go:743.2,743.24 1 0
connect-go-example/internal/conf/v1/conf.pb.go:747.55,749.2 1 0
connect-go-example/internal/conf/v1/conf.pb.go:751.45,752.14 1 0
connect-go-example/internal/conf/v1/conf.pb.go:752.14,754.3 1 0
connect-go-example/internal/conf/v1/conf.pb.go:755.2,755.11 1 0
connect-go-example/internal/conf/v1/conf.pb.go:758.47,759.14 1 0
connect-go-example/internal/conf/v1/conf.pb.go:759.14,761.3 1 0
connect-go-example/internal/conf/v1/conf.pb.go:762.2,762.11 1 0
connect-go-example/internal/conf/v1/conf.pb.go:765.50,766.14 1 0
connect-go-example/internal/conf/v1/conf.pb.go:766.14,768.3 1 0
connect-go-example/internal/conf/v1/conf.pb.go:769.2,769.14 1 0
connect-go-example/internal/conf/v1/conf.pb.go:840.60,841.57 1 0
connect-go-example/internal/conf/v1/conf.pb.go:841.57,843.3 1 0
connect-go-example/internal/conf/v1/conf.pb.go:844.2,844.53 1 0
connect-go-example/internal/conf/v1/conf.pb.go:879.13,879.56 1 0
connect-go-example/internal/conf/v1/conf.pb.go:880.46,881.45 1 0
connect-go-example/internal/conf/v1/conf.pb.go:881.45,883.3 1 0
connect-go-example/internal/conf/v1/conf.pb.go:884.2,900.48 5 0
